build/app/outputs/mapping/release/seeds.txt
com.example.evChargingApp.MainActivity
com.example.evChargingApp.MainActivity: MainActivity()
...
com.google.android.gms.internal.firebase-auth-api.zzaiq: boolean zzc()
com.google.android.gms.internal.mlkit_vision_common.zzex: zzex()
com.google.android.gms.internal.auth.zzhz: zzhz()
com.google.android.gms.internal.location.zzdx: zzdx(com.google.android.gms.internal.location.zzdy)
com.google.android.recaptcha.internal.zzli: int zzn()
com.google.android.recaptcha.internal.zznx: boolean equals(java.lang.Object)
com.google.android.gms.internal.firebase-auth-api.zzsa: com.google.android.gms.internal.firebase-auth-api.zzaiw zze()
com.google.android.gms.internal.firebase-auth-api.zzgt: com.google.android.gms.internal.firebase-auth-api.zzpn zza(com.google.android.gms.internal.firebase-auth-api.zzdt,com.google.android.gms.internal.firebase-auth-api.zzcm)
io.grpc.internal.GrpcUtil$Http2Error: io.grpc.internal.GrpcUtil$Http2Error[] values()
com.google.android.gms.internal.auth.zzu: zzu(com.google.android.gms.internal.auth.zzab,com.google.android.gms.auth.AccountChangeEventsRequest)
com.google.android.play.integrity.internal.o: boolean a(int,android.os.Parcel,android.os.Parcel,int)
com.google.android.gms.internal.location.zzel: java.lang.Object createFromParcel(android.os.Parcel)
com.google.android.gms.tasks.Task: com.google.android.gms.tasks.Task addOnSuccessListener(java.util.concurrent.Executor,com.google.android.gms.tasks.OnSuccessListener)
com.google.android.gms.internal.maps.zzr: float zzd()
com.google.android.gms.internal.firebase-auth-api.zzql: com.google.android.gms.internal.firebase-auth-api.zzqs zzc()
com.google.android.recaptcha.internal.zznd: java.lang.Object zzE(java.lang.reflect.Method,java.lang.Object,java.lang.Object[])
com.google.android.gms.internal.mlkit_common.zzaf: void zze(boolean,java.lang.Object)
com.google.android.gms.tasks.zzaf: zzaf(int,com.google.android.gms.tasks.zzw)
com.google.android.recaptcha.internal.zzn: java.lang.Object zzd(com.google.android.recaptcha.internal.zzse,kotlin.coroutines.Continuation)
com.google.android.play.core.integrity.ab: java.lang.Object a()
com.google.android.gms.internal.firebase-auth-api.zzado: void zza(java.lang.String,java.lang.String,com.google.android.gms.internal.firebase-auth-api.zzadm)
com.google.android.gms.internal.firebase-auth-api.zzacy: void zzb()
com.google.android.recaptcha.internal.zzpp: float zzb(java.lang.Object,long)
androidx.core.widget.NestedScrollView: float getVerticalScrollFactorCompat()
androidx.browser.browseractions.BrowserActionsFallbackMenuView: BrowserActionsFallbackMenuView(android.content.Context,android.util.AttributeSet)
com.google.android.gms.internal.mlkit_vision_barcode.zzpx: com.google.android.gms.internal.mlkit_vision_barcode.zzpx zze(com.google.android.gms.internal.mlkit_vision_barcode.zzcv)
com.google.android.recaptcha.internal.zzdc: java.lang.Object zzb(com.google.android.recaptcha.internal.zzdc,com.google.android.recaptcha.RecaptchaAction,long,kotlin.coroutines.Continuation)
com.google.android.recaptcha.internal.zzmv: boolean contains(java.lang.Object)
com.google.android.gms.internal.firebase-auth-api.zzakg: java.lang.Object zza(com.google.android.gms.internal.firebase-auth-api.zzaln,java.lang.String,java.lang.Object[])
androidx.appcompat.view.menu.ActionMenuItemView: void setPopupCallback(androidx.appcompat.view.menu.ActionMenuItemView$PopupCallback)
com.google.android.gms.internal.common.zzg: zzg(com.google.android.gms.internal.common.zzf)
com.dexterous.flutterlocalnotifications.models.NotificationChannelGroupDetails: NotificationChannelGroupDetails()
com.google.android.gms.internal.firebase-auth-api.zzadr: com.google.firebase.FirebaseException zza(com.google.android.gms.common.api.Status,com.google.firebase.auth.AuthCredential,java.lang.String,java.lang.String)
com.google.android.gms.internal.mlkit_common.zzgj: void encode(java.lang.Object,java.lang.Object)
com.google.android.recaptcha.internal.zzot: void add(int,java.lang.Object)
com.google.android.gms.internal.mlkit_vision_common.zzl: int zzc()