build/app/outputs/mapping/release/usage.txt
com.example.evChargingApp.R$drawable
com.example.evChargingApp.R$mipmap
com.example.evChargingApp.R$string
com.example.evChargingApp.R$style
com.example.evChargingApp.R
...
io.grpc.Status$StatusMessageMarshaller:
    public static boolean isEscapingChar(byte)
    public static java.lang.String parseAsciiString()
    public static byte[] toAsciiString$1()
io.grpc.Status:
    public static final io.grpc.Status ABORTED
    public static final io.grpc.Status ALREADY_EXISTS
    public static final io.grpc.Status DATA_LOSS
    public static final io.grpc.Status INVALID_ARGUMENT
    public static final io.grpc.Status NOT_FOUND
    public static final io.grpc.Status OUT_OF_RANGE
    public static final io.grpc.Status$StatusMessageMarshaller STATUS_MESSAGE_MARSHALLER
    public static final io.grpc.Status UNIMPLEMENTED
    public static io.grpc.StatusException asException()
    public static io.grpc.StatusRuntimeException asRuntimeException()
    public static java.lang.Throwable getCause()
    public static io.grpc.Status$Code getCode()
    public static java.lang.String getDescription()
io.grpc.StatusException:
    public final io.grpc.Metadata trailers
    public static io.grpc.Status getStatus()
io.grpc.StatusRuntimeException:
    public final io.grpc.Metadata trailers
    public static io.grpc.Status getStatus()
io.grpc.StreamTracer
io.grpc.SynchronizationContext$$InternalSyntheticBackportWithForwarding$6$adf3621386926775f6644bd095e081a875067e2a5b495f8865d5b7fa26b85c61$0
io.grpc.SynchronizationContext$1
io.grpc.SynchronizationContext$ScheduledHandle
io.grpc.SynchronizationContext:
    public static io.flutter.plugin.common.BasicMessageChannel$IncomingMessageHandler$1 scheduleWithFixedDelay()
io.grpc.ThreadLocalContextStorage:
    public final io.grpc.Context current()
    public final void detach()
    public final io.grpc.Context doAttach()
io.grpc.android.AndroidChannelBuilder$1
io.grpc.android.AndroidChannelBuilder$AndroidChannel$1
io.grpc.android.AndroidChannelBuilder$AndroidChannel$2
io.grpc.android.AndroidChannelBuilder$AndroidChannel$DefaultNetworkCallback
io.grpc.android.AndroidChannelBuilder$AndroidChannel$NetworkReceiver
io.grpc.android.AndroidChannelBuilder$AndroidChannel:
    public final void unregisterNetworkListener()
io.grpc.android.AndroidChannelBuilder:
    public static final io.grpc.ManagedChannelProvider OKHTTP_CHANNEL_PROVIDER
    public static io.grpc.android.AndroidChannelBuilder context()
io.grpc.internal.AbstractClientStream$GetFramer
io.grpc.internal.AbstractClientStream$Sink
io.grpc.internal.AbstractClientStream$TransportState$1
io.grpc.internal.AbstractClientStream$TransportState:
    public abstract void deframerClosed(boolean)
    public abstract void inboundDataReceived()
    public abstract void inboundTrailersReceived()
    public abstract boolean isOutboundClosed()
    public abstract io.grpc.internal.ClientStreamListener listener()
    public abstract io.grpc.internal.StreamListener listener()
    public abstract void setDecompressorRegistry()
    public abstract void setFullStreamDecompression()
    public abstract void setListener()
    public abstract void setOutboundClosed()
io.grpc.internal.AbstractClientStream:
    public abstract io.grpc.internal.AbstractClientStream$Sink abstractClientStreamSink()
    public abstract io.grpc.internal.TransportTracer getTransportTracer()
    public abstract boolean shouldBeCountedForInUse()
    public abstract io.grpc.internal.AbstractClientStream$TransportState transportState()
io.grpc.internal.AbstractReadableBuffer:
    public abstract int readInt()
    public synthetic abstract void touch()
io.grpc.internal.AbstractStream$TransportState$1RequestRunnable:
    public final synthetic com.google.android.datatransport.runtime.scheduling.persistence.SQLiteEventStore$$Lambda$13 val$link